+ export PATH=/root/xishaojian/MooER/src/tools:/root/miniconda3/bin:/usr/local/bin:/usr/local/nvidia/bin:/usr/local/cuda/bin:/usr/local/sbin:/usr/local/bin:/usr/sbin:/usr/bin:/sbin:/bin
+ PATH=/root/xishaojian/MooER/src/tools:/root/miniconda3/bin:/usr/local/bin:/usr/local/nvidia/bin:/usr/local/cuda/bin:/usr/local/sbin:/usr/local/bin:/usr/sbin:/usr/bin:/sbin:/bin
+ export PATH=/root/xishaojian/MooER/src/tools/../:/root/xishaojian/MooER/src/tools:/root/miniconda3/bin:/usr/local/bin:/usr/local/nvidia/bin:/usr/local/cuda/bin:/usr/local/sbin:/usr/local/bin:/usr/sbin:/usr/bin:/sbin:/bin
+ PATH=/root/xishaojian/MooER/src/tools/../:/root/xishaojian/MooER/src/tools:/root/miniconda3/bin:/usr/local/bin:/usr/local/nvidia/bin:/usr/local/cuda/bin:/usr/local/sbin:/usr/local/bin:/usr/sbin:/usr/bin:/sbin:/bin
+ export PYTHONIOENCODING=UTF-8
+ PYTHONIOENCODING=UTF-8
+ export PYTHONPATH=../:
+ PYTHONPATH=../:
+ export LC_ALL=C
+ LC_ALL=C
+++ dirname data_package.sh
++ cd .
++ pwd
+ THIS_DIR=/root/xishaojian/MooER/src/tools
+ echo '##### config #####'
##### config #####
+ wav_scp=/root/xishaojian/MooER/src/wav.scp
+ text=/root/xishaojian/MooER/src/text
+ write_dir=/root/autodl-tmp/fisher_data/pkg_training
+ write_num=1
+ write_prefix=data.list
+ text_norm=true
+ shuffle=true
+ data_type=shard
+ num_threads=16
+ . /root/xishaojian/MooER/src/tools/parse_options.sh
++ (( argpos=1 ))
++ (( argpos<0 ))
++ true
++ '[' -z '' ']'
++ break
++ '[' '!' -z '' ']'
++ true
+ mkdir -p /root/autodl-tmp/fisher_data/pkg_training
+ process_root=/root/xishaojian/MooER/src/tools/process_tmp
+ mkdir -p /root/xishaojian/MooER/src/tools/process_tmp
+ cp /root/xishaojian/MooER/src/text /root/xishaojian/MooER/src/tools/process_tmp/text.org
+ cp /root/xishaojian/MooER/src/wav.scp /root/xishaojian/MooER/src/tools/process_tmp/wav.scp.org
+ '[' true = true ']'
+ echo 'do text normlization'
do text normlization
+ paste -d ' ' /dev/fd/63 /dev/fd/62
++ cut -f 1 '-d ' /root/xishaojian/MooER/src/tools/process_tmp/text.org
++ cut -f 2- '-d ' /root/xishaojian/MooER/src/tools/process_tmp/text.org
++ tr a-z A-Z
++ sed 's/\([A-Z]\) \([A-Z]\)/\1▁\2/g'
++ sed 's/\([A-Z]\) \([A-Z]\)/\1▁\2/g'
++ tr -d ' '
+ sed -i 's/\xEF\xBB\xBF//' /root/xishaojian/MooER/src/tools/process_tmp/text.process
+ '[' shard = shard ']'
+ python3 /root/xishaojian/MooER/src/tools/make_shard_list.py --resample 16000 --num_utts_per_shard 100000 --num_threads 16 /root/xishaojian/MooER/src/tools/process_tmp/wav.scp.org /root/xishaojian/MooER/src/tools/process_tmp/text.process /root/autodl-tmp/fisher_data/pkg_training /root/xishaojian/MooER/src/tools/process_tmp/data.list
2024-11-16 14:37:40,884 INFO Processing /root/autodl-tmp/fisher_data/pkg_training/shards_000000000.tar 0/3
2024-11-16 14:37:41,518 INFO Processing /root/autodl-tmp/fisher_data/pkg_training/shards_000000001.tar 1/3
2024-11-16 14:37:41,677 INFO Processing /root/autodl-tmp/fisher_data/pkg_training/shards_000000002.tar 2/3
2024-11-16 14:38:04,395 INFO read 4.400606155395508 save 0.0 write 18.220705270767212
[Errno 2] No such file or directory: '/root/autodl-tmp/fisher_data/split_aduio/fe_03_07993/fe_03_07993_000.wav'
[Errno 2] No such file or directory: '/root/autodl-tmp/fisher_data/split_aduio/fe_03_08108/fe_03_08108_000.wav'
[Errno 2] No such file or directory: '/root/autodl-tmp/fisher_data/split_aduio/fe_03_08124/fe_03_08124_000.wav'
[Errno 2] No such file or directory: '/root/autodl-tmp/fisher_data/split_aduio/fe_03_08161/fe_03_08161_000.wav'
[Errno 2] No such file or directory: '/root/autodl-tmp/fisher_data/split_aduio/fe_03_08186/fe_03_08186_000.wav'
[Errno 2] No such file or directory: '/root/autodl-tmp/fisher_data/split_aduio/fe_03_08993/fe_03_08993_000.wav'
[Errno 2] No such file or directory: '/root/autodl-tmp/fisher_data/split_aduio/fe_03_08999/fe_03_08999_000.wav'
[Errno 2] No such file or directory: '/root/autodl-tmp/fisher_data/split_aduio/fe_03_09100/fe_03_09100_000.wav'
[Errno 2] No such file or directory: '/root/autodl-tmp/fisher_data/split_aduio/fe_03_09103/fe_03_09103_000.wav'
[Errno 2] No such file or directory: '/root/autodl-tmp/fisher_data/split_aduio/fe_03_09126/fe_03_09126_000.wav'
[Errno 2] No such file or directory: '/root/autodl-tmp/fisher_data/split_aduio/fe_03_09131/fe_03_09131_000.wav'
[Errno 2] No such file or directory: '/root/autodl-tmp/fisher_data/split_aduio/fe_03_09945/fe_03_09945_000.wav'
[Errno 2] No such file or directory: '/root/autodl-tmp/fisher_data/split_aduio/fe_03_09953/fe_03_09953_000.wav'
[Errno 2] No such file or directory: '/root/autodl-tmp/fisher_data/split_aduio/fe_03_09961/fe_03_09961_017.wav'
[Errno 2] No such file or directory: '/root/autodl-tmp/fisher_data/split_aduio/fe_03_00900/fe_03_00900_000.wav'
[Errno 2] No such file or directory: '/root/autodl-tmp/fisher_data/split_aduio/fe_03_00903/fe_03_00903_000.wav'
[Errno 2] No such file or directory: '/root/autodl-tmp/fisher_data/split_aduio/fe_03_00908/fe_03_00908_000.wav'
[Errno 2] No such file or directory: '/root/autodl-tmp/fisher_data/split_aduio/fe_03_00914/fe_03_00914_000.wav'
[Errno 2] No such file or directory: '/root/autodl-tmp/fisher_data/split_aduio/fe_03_00915/fe_03_00915_000.wav'
[Errno 2] No such file or directory: '/root/autodl-tmp/fisher_data/split_aduio/fe_03_00918/fe_03_00918_000.wav'
[Errno 2] No such file or directory: '/root/autodl-tmp/fisher_data/split_aduio/fe_03_00939/fe_03_00939_000.wav'
[Errno 2] No such file or directory: '/root/autodl-tmp/fisher_data/split_aduio/fe_03_00952/fe_03_00952_000.wav'
[Errno 2] No such file or directory: '/root/autodl-tmp/fisher_data/split_aduio/fe_03_00954/fe_03_00954_000.wav'
[Errno 2] No such file or directory: '/root/autodl-tmp/fisher_data/split_aduio/fe_03_00956/fe_03_00956_000.wav'
[Errno 2] No such file or directory: '/root/autodl-tmp/fisher_data/split_aduio/fe_03_00961/fe_03_00961_000.wav'
[Errno 2] No such file or directory: '/root/autodl-tmp/fisher_data/split_aduio/fe_03_00966/fe_03_00966_000.wav'
[Errno 2] No such file or directory: '/root/autodl-tmp/fisher_data/split_aduio/fe_03_00971/fe_03_00971_000.wav'
[Errno 2] No such file or directory: '/root/autodl-tmp/fisher_data/split_aduio/fe_03_00973/fe_03_00973_000.wav'
[Errno 2] No such file or directory: '/root/autodl-tmp/fisher_data/split_aduio/fe_03_00985/fe_03_00985_000.wav'
[Errno 2] No such file or directory: '/root/autodl-tmp/fisher_data/split_aduio/fe_03_00991/fe_03_00991_000.wav'
[Errno 2] No such file or directory: '/root/autodl-tmp/fisher_data/split_aduio/fe_03_00992/fe_03_00992_000.wav'
[Errno 2] No such file or directory: '/root/autodl-tmp/fisher_data/split_aduio/fe_03_00993/fe_03_00993_000.wav'
[Errno 2] No such file or directory: '/root/autodl-tmp/fisher_data/split_aduio/fe_03_10144/fe_03_10144_000.wav'
[Errno 2] No such file or directory: '/root/autodl-tmp/fisher_data/split_aduio/fe_03_10153/fe_03_10153_000.wav'
[Errno 2] No such file or directory: '/root/autodl-tmp/fisher_data/split_aduio/fe_03_10165/fe_03_10165_000.wav'
[Errno 2] No such file or directory: '/root/autodl-tmp/fisher_data/split_aduio/fe_03_10201/fe_03_10201_000.wav'
[Errno 2] No such file or directory: '/root/autodl-tmp/fisher_data/split_aduio/fe_03_10267/fe_03_10267_000.wav'
[Errno 2] No such file or directory: '/root/autodl-tmp/fisher_data/split_aduio/fe_03_10277/fe_03_10277_000.wav'
[Errno 2] No such file or directory: '/root/autodl-tmp/fisher_data/split_aduio/fe_03_10278/fe_03_10278_000.wav'
[Errno 2] No such file or directory: '/root/autodl-tmp/fisher_data/split_aduio/fe_03_10280/fe_03_10280_000.wav'
[Errno 2] No such file or directory: '/root/autodl-tmp/fisher_data/split_aduio/fe_03_10282/fe_03_10282_000.wav'
[Errno 2] No such file or directory: '/root/autodl-tmp/fisher_data/split_aduio/fe_03_10286/fe_03_10286_000.wav'
[Errno 2] No such file or directory: '/root/autodl-tmp/fisher_data/split_aduio/fe_03_10445/fe_03_10445_000.wav'
[Errno 2] No such file or directory: '/root/autodl-tmp/fisher_data/split_aduio/fe_03_10529/fe_03_10529_000.wav'
[Errno 2] No such file or directory: '/root/autodl-tmp/fisher_data/split_aduio/fe_03_10555/fe_03_10555_000.wav'
[Errno 2] No such file or directory: '/root/autodl-tmp/fisher_data/split_aduio/fe_03_10622/fe_03_10622_000.wav'
[Errno 2] No such file or directory: '/root/autodl-tmp/fisher_data/split_aduio/fe_03_10634/fe_03_10634_000.wav'
[Errno 2] No such file or directory: '/root/autodl-tmp/fisher_data/split_aduio/fe_03_10688/fe_03_10688_000.wav'
[Errno 2] No such file or directory: '/root/autodl-tmp/fisher_data/split_aduio/fe_03_10820/fe_03_10820_000.wav'
[Errno 2] No such file or directory: '/root/autodl-tmp/fisher_data/split_aduio/fe_03_11042/fe_03_11042_000.wav'
[Errno 2] No such file or directory: '/root/autodl-tmp/fisher_data/split_aduio/fe_03_11043/fe_03_11043_000.wav'
[Errno 2] No such file or directory: '/root/autodl-tmp/fisher_data/split_aduio/fe_03_11086/fe_03_11086_000.wav'
[Errno 2] No such file or directory: '/root/autodl-tmp/fisher_data/split_aduio/fe_03_11088/fe_03_11088_000.wav'
[Errno 2] No such file or directory: '/root/autodl-tmp/fisher_data/split_aduio/fe_03_11091/fe_03_11091_000.wav'
[Errno 2] No such file or directory: '/root/autodl-tmp/fisher_data/split_aduio/fe_03_11100/fe_03_11100_000.wav'
[Errno 2] No such file or directory: '/root/autodl-tmp/fisher_data/split_aduio/fe_03_11261/fe_03_11261_000.wav'
[Errno 2] No such file or directory: '/root/autodl-tmp/fisher_data/split_aduio/fe_03_11263/fe_03_11263_000.wav'
[Errno 2] No such file or directory: '/root/autodl-tmp/fisher_data/split_aduio/fe_03_11264/fe_03_11264_000.wav'
[Errno 2] No such file or directory: '/root/autodl-tmp/fisher_data/split_aduio/fe_03_11267/fe_03_11267_000.wav'
[Errno 2] No such file or directory: '/root/autodl-tmp/fisher_data/split_aduio/fe_03_11270/fe_03_11270_000.wav'
[Errno 2] No such file or directory: '/root/autodl-tmp/fisher_data/split_aduio/fe_03_11272/fe_03_11272_000.wav'
[Errno 2] No such file or directory: '/root/autodl-tmp/fisher_data/split_aduio/fe_03_11274/fe_03_11274_000.wav'
[Errno 2] No such file or directory: '/root/autodl-tmp/fisher_data/split_aduio/fe_03_11275/fe_03_11275_000.wav'
[Errno 2] No such file or directory: '/root/autodl-tmp/fisher_data/split_aduio/fe_03_11276/fe_03_11276_000.wav'
[Errno 2] No such file or directory: '/root/autodl-tmp/fisher_data/split_aduio/fe_03_11280/fe_03_11280_000.wav'
[Errno 2] No such file or directory: '/root/autodl-tmp/fisher_data/split_aduio/fe_03_11282/fe_03_11282_000.wav'
[Errno 2] No such file or directory: '/root/autodl-tmp/fisher_data/split_aduio/fe_03_11283/fe_03_11283_000.wav'
[Errno 2] No such file or directory: '/root/autodl-tmp/fisher_data/split_aduio/fe_03_11284/fe_03_11284_000.wav'
[Errno 2] No such file or directory: '/root/autodl-tmp/fisher_data/split_aduio/fe_03_11285/fe_03_11285_000.wav'
[Errno 2] No such file or directory: '/root/autodl-tmp/fisher_data/split_aduio/fe_03_11288/fe_03_11288_000.wav'
[Errno 2] No such file or directory: '/root/autodl-tmp/fisher_data/split_aduio/fe_03_11291/fe_03_11291_000.wav'
[Errno 2] No such file or directory: '/root/autodl-tmp/fisher_data/split_aduio/fe_03_11382/fe_03_11382_000.wav'
[Errno 2] No such file or directory: '/root/autodl-tmp/fisher_data/split_aduio/fe_03_11405/fe_03_11405_000.wav'
[Errno 2] No such file or directory: '/root/autodl-tmp/fisher_data/split_aduio/fe_03_11406/fe_03_11406_000.wav'
[Errno 2] No such file or directory: '/root/autodl-tmp/fisher_data/split_aduio/fe_03_11408/fe_03_11408_000.wav'
[Errno 2] No such file or directory: '/root/autodl-tmp/fisher_data/split_aduio/fe_03_11409/fe_03_11409_000.wav'
[Errno 2] No such file or directory: '/root/autodl-tmp/fisher_data/split_aduio/fe_03_11410/fe_03_11410_000.wav'
[Errno 2] No such file or directory: '/root/autodl-tmp/fisher_data/split_aduio/fe_03_11413/fe_03_11413_000.wav'
[Errno 2] No such file or directory: '/root/autodl-tmp/fisher_data/split_aduio/fe_03_11415/fe_03_11415_000.wav'
[Errno 2] No such file or directory: '/root/autodl-tmp/fisher_data/split_aduio/fe_03_11418/fe_03_11418_000.wav'
[Errno 2] No such file or directory: '/root/autodl-tmp/fisher_data/split_aduio/fe_03_11423/fe_03_11423_000.wav'
[Errno 2] No such file or directory: '/root/autodl-tmp/fisher_data/split_aduio/fe_03_11428/fe_03_11428_000.wav'
[Errno 2] No such file or directory: '/root/autodl-tmp/fisher_data/split_aduio/fe_03_11430/fe_03_11430_000.wav'
[Errno 2] No such file or directory: '/root/autodl-tmp/fisher_data/split_aduio/fe_03_11434/fe_03_11434_000.wav'
[Errno 2] No such file or directory: '/root/autodl-tmp/fisher_data/split_aduio/fe_03_11435/fe_03_11435_000.wav'
[Errno 2] No such file or directory: '/root/autodl-tmp/fisher_data/split_aduio/fe_03_11452/fe_03_11452_000.wav'
[Errno 2] No such file or directory: '/root/autodl-tmp/fisher_data/split_aduio/fe_03_11454/fe_03_11454_000.wav'
[Errno 2] No such file or directory: '/root/autodl-tmp/fisher_data/split_aduio/fe_03_11459/fe_03_11459_000.wav'
[Errno 2] No such file or directory: '/root/autodl-tmp/fisher_data/split_aduio/fe_03_11462/fe_03_11462_000.wav'
[Errno 2] No such file or directory: '/root/autodl-tmp/fisher_data/split_aduio/fe_03_11464/fe_03_11464_000.wav'
[Errno 2] No such file or directory: '/root/autodl-tmp/fisher_data/split_aduio/fe_03_11465/fe_03_11465_000.wav'
[Errno 2] No such file or directory: '/root/autodl-tmp/fisher_data/split_aduio/fe_03_11468/fe_03_11468_000.wav'
[Errno 2] No such file or directory: '/root/autodl-tmp/fisher_data/split_aduio/fe_03_11469/fe_03_11469_000.wav'
[Errno 2] No such file or directory: '/root/autodl-tmp/fisher_data/split_aduio/fe_03_11478/fe_03_11478_000.wav'
[Errno 2] No such file or directory: '/root/autodl-tmp/fisher_data/split_aduio/fe_03_11492/fe_03_11492_000.wav'
[Errno 2] No such file or directory: '/root/autodl-tmp/fisher_data/split_aduio/fe_03_11495/fe_03_11495_000.wav'
[Errno 2] No such file or directory: '/root/autodl-tmp/fisher_data/split_aduio/fe_03_11496/fe_03_11496_000.wav'
[Errno 2] No such file or directory: '/root/autodl-tmp/fisher_data/split_aduio/fe_03_11498/fe_03_11498_000.wav'
[Errno 2] No such file or directory: '/root/autodl-tmp/fisher_data/split_aduio/fe_03_11499/fe_03_11499_000.wav'
[Errno 2] No such file or directory: '/root/autodl-tmp/fisher_data/split_aduio/fe_03_11500/fe_03_11500_000.wav'
[Errno 2] No such file or directory: '/root/autodl-tmp/fisher_data/split_aduio/fe_03_11517/fe_03_11517_000.wav'
[Errno 2] No such file or directory: '/root/autodl-tmp/fisher_data/split_aduio/fe_03_11518/fe_03_11518_000.wav'
[Errno 2] No such file or directory: '/root/autodl-tmp/fisher_data/split_aduio/fe_03_11524/fe_03_11524_000.wav'
[Errno 2] No such file or directory: '/root/autodl-tmp/fisher_data/split_aduio/fe_03_11525/fe_03_11525_000.wav'
[Errno 2] No such file or directory: '/root/autodl-tmp/fisher_data/split_aduio/fe_03_11532/fe_03_11532_000.wav'
[Errno 2] No such file or directory: '/root/autodl-tmp/fisher_data/split_aduio/fe_03_11533/fe_03_11533_000.wav'
[Errno 2] No such file or directory: '/root/autodl-tmp/fisher_data/split_aduio/fe_03_11535/fe_03_11535_000.wav'
[Errno 2] No such file or directory: '/root/autodl-tmp/fisher_data/split_aduio/fe_03_11539/fe_03_11539_000.wav'
[Errno 2] No such file or directory: '/root/autodl-tmp/fisher_data/split_aduio/fe_03_11540/fe_03_11540_000.wav'
[Errno 2] No such file or directory: '/root/autodl-tmp/fisher_data/split_aduio/fe_03_11544/fe_03_11544_000.wav'
[Errno 2] No such file or directory: '/root/autodl-tmp/fisher_data/split_aduio/fe_03_11545/fe_03_11545_000.wav'
[Errno 2] No such file or directory: '/root/autodl-tmp/fisher_data/split_aduio/fe_03_11553/fe_03_11553_000.wav'
[Errno 2] No such file or directory: '/root/autodl-tmp/fisher_data/split_aduio/fe_03_11557/fe_03_11557_000.wav'
[Errno 2] No such file or directory: '/root/autodl-tmp/fisher_data/split_aduio/fe_03_11560/fe_03_11560_000.wav'
[Errno 2] No such file or directory: '/root/autodl-tmp/fisher_data/split_aduio/fe_03_11563/fe_03_11563_000.wav'
[Errno 2] No such file or directory: '/root/autodl-tmp/fisher_data/split_aduio/fe_03_11572/fe_03_11572_000.wav'
[Errno 2] No such file or directory: '/root/autodl-tmp/fisher_data/split_aduio/fe_03_11576/fe_03_11576_000.wav'
[Errno 2] No such file or directory: '/root/autodl-tmp/fisher_data/split_aduio/fe_03_11581/fe_03_11581_000.wav'
[Errno 2] No such file or directory: '/root/autodl-tmp/fisher_data/split_aduio/fe_03_11586/fe_03_11586_000.wav'
[Errno 2] No such file or directory: '/root/autodl-tmp/fisher_data/split_aduio/fe_03_11594/fe_03_11594_000.wav'
[Errno 2] No such file or directory: '/root/autodl-tmp/fisher_data/split_aduio/fe_03_11595/fe_03_11595_000.wav'
[Errno 2] No such file or directory: '/root/autodl-tmp/fisher_data/split_aduio/fe_03_11596/fe_03_11596_000.wav'
[Errno 2] No such file or directory: '/root/autodl-tmp/fisher_data/split_aduio/fe_03_11599/fe_03_11599_000.wav'
[Errno 2] No such file or directory: '/root/autodl-tmp/fisher_data/split_aduio/fe_03_11604/fe_03_11604_000.wav'
[Errno 2] No such file or directory: '/root/autodl-tmp/fisher_data/split_aduio/fe_03_11605/fe_03_11605_000.wav'
[Errno 2] No such file or directory: '/root/autodl-tmp/fisher_data/split_aduio/fe_03_11609/fe_03_11609_000.wav'
[Errno 2] No such file or directory: '/root/autodl-tmp/fisher_data/split_aduio/fe_03_11614/fe_03_11614_000.wav'
[Errno 2] No such file or directory: '/root/autodl-tmp/fisher_data/split_aduio/fe_03_11615/fe_03_11615_000.wav'
[Errno 2] No such file or directory: '/root/autodl-tmp/fisher_data/split_aduio/fe_03_11617/fe_03_11617_000.wav'
[Errno 2] No such file or directory: '/root/autodl-tmp/fisher_data/split_aduio/fe_03_11618/fe_03_11618_000.wav'
[Errno 2] No such file or directory: '/root/autodl-tmp/fisher_data/split_aduio/fe_03_11620/fe_03_11620_000.wav'
[Errno 2] No such file or directory: '/root/autodl-tmp/fisher_data/split_aduio/fe_03_11621/fe_03_11621_000.wav'
[Errno 2] No such file or directory: '/root/autodl-tmp/fisher_data/split_aduio/fe_03_11622/fe_03_11622_000.wav'
[Errno 2] No such file or directory: '/root/autodl-tmp/fisher_data/split_aduio/fe_03_11624/fe_03_11624_000.wav'
[Errno 2] No such file or directory: '/root/autodl-tmp/fisher_data/split_aduio/fe_03_11626/fe_03_11626_000.wav'
[Errno 2] No such file or directory: '/root/autodl-tmp/fisher_data/split_aduio/fe_03_11627/fe_03_11627_000.wav'
[Errno 2] No such file or directory: '/root/autodl-tmp/fisher_data/split_aduio/fe_03_11630/fe_03_11630_000.wav'
[Errno 2] No such file or directory: '/root/autodl-tmp/fisher_data/split_aduio/fe_03_11631/fe_03_11631_000.wav'
[Errno 2] No such file or directory: '/root/autodl-tmp/fisher_data/split_aduio/fe_03_11636/fe_03_11636_000.wav'
[Errno 2] No such file or directory: '/root/autodl-tmp/fisher_data/split_aduio/fe_03_11637/fe_03_11637_000.wav'
[Errno 2] No such file or directory: '/root/autodl-tmp/fisher_data/split_aduio/fe_03_11638/fe_03_11638_000.wav'
[Errno 2] No such file or directory: '/root/autodl-tmp/fisher_data/split_aduio/fe_03_11643/fe_03_11643_000.wav'
[Errno 2] No such file or directory: '/root/autodl-tmp/fisher_data/split_aduio/fe_03_11645/fe_03_11645_000.wav'
[Errno 2] No such file or directory: '/root/autodl-tmp/fisher_data/split_aduio/fe_03_11646/fe_03_11646_000.wav'
[Errno 2] No such file or directory: '/root/autodl-tmp/fisher_data/split_aduio/fe_03_11647/fe_03_11647_000.wav'
[Errno 2] No such file or directory: '/root/autodl-tmp/fisher_data/split_aduio/fe_03_11648/fe_03_11648_000.wav'
[Errno 2] No such file or directory: '/root/autodl-tmp/fisher_data/split_aduio/fe_03_01111/fe_03_01111_000.wav'
[Errno 2] No such file or directory: '/root/autodl-tmp/fisher_data/split_aduio/fe_03_01123/fe_03_01123_000.wav'
[Errno 2] No such file or directory: '/root/autodl-tmp/fisher_data/split_aduio/fe_03_01129/fe_03_01129_000.wav'
[Errno 2] No such file or directory: '/root/autodl-tmp/fisher_data/split_aduio/fe_03_01133/fe_03_01133_000.wav'
[Errno 2] No such file or directory: '/root/autodl-tmp/fisher_data/split_aduio/fe_03_01143/fe_03_01143_000.wav'
[Errno 2] No such file or directory: '/root/autodl-tmp/fisher_data/split_aduio/fe_03_01144/fe_03_01144_000.wav'
[Errno 2] No such file or directory: '/root/autodl-tmp/fisher_data/split_aduio/fe_03_01159/fe_03_01159_000.wav'
[Errno 2] No such file or directory: '/root/autodl-tmp/fisher_data/split_aduio/fe_03_01161/fe_03_01161_000.wav'
[Errno 2] No such file or directory: '/root/autodl-tmp/fisher_data/split_aduio/fe_03_01170/fe_03_01170_000.wav'
[Errno 2] No such file or directory: '/root/autodl-tmp/fisher_data/split_aduio/fe_03_01201/fe_03_01201_000.wav'
[Errno 2] No such file or directory: '/root/autodl-tmp/fisher_data/split_aduio/fe_03_01205/fe_03_01205_000.wav'
[Errno 2] No such file or directory: '/root/autodl-tmp/fisher_data/split_aduio/fe_03_01207/fe_03_01207_000.wav'
[Errno 2] No such file or directory: '/root/autodl-tmp/fisher_data/split_aduio/fe_03_01213/fe_03_01213_000.wav'
[Errno 2] No such file or directory: '/root/autodl-tmp/fisher_data/split_aduio/fe_03_01219/fe_03_01219_000.wav'
[Errno 2] No such file or directory: '/root/autodl-tmp/fisher_data/split_aduio/fe_03_01221/fe_03_01221_000.wav'
[Errno 2] No such file or directory: '/root/autodl-tmp/fisher_data/split_aduio/fe_03_01255/fe_03_01255_000.wav'
[Errno 2] No such file or directory: '/root/autodl-tmp/fisher_data/split_aduio/fe_03_01265/fe_03_01265_000.wav'
[Errno 2] No such file or directory: '/root/autodl-tmp/fisher_data/split_aduio/fe_03_01268/fe_03_01268_000.wav'
[Errno 2] No such file or directory: '/root/autodl-tmp/fisher_data/split_aduio/fe_03_01270/fe_03_01270_000.wav'
[Errno 2] No such file or directory: '/root/autodl-tmp/fisher_data/split_aduio/fe_03_01272/fe_03_01272_000.wav'
[Errno 2] No such file or directory: '/root/autodl-tmp/fisher_data/split_aduio/fe_03_01283/fe_03_01283_000.wav'
[Errno 2] No such file or directory: '/root/autodl-tmp/fisher_data/split_aduio/fe_03_01288/fe_03_01288_000.wav'
[Errno 2] No such file or directory: '/root/autodl-tmp/fisher_data/split_aduio/fe_03_01302/fe_03_01302_000.wav'
[Errno 2] No such file or directory: '/root/autodl-tmp/fisher_data/split_aduio/fe_03_01305/fe_03_01305_000.wav'
[Errno 2] No such file or directory: '/root/autodl-tmp/fisher_data/split_aduio/fe_03_01308/fe_03_01308_000.wav'
[Errno 2] No such file or directory: '/root/autodl-tmp/fisher_data/split_aduio/fe_03_01323/fe_03_01323_000.wav'
[Errno 2] No such file or directory: '/root/autodl-tmp/fisher_data/split_aduio/fe_03_01324/fe_03_01324_000.wav'
[Errno 2] No such file or directory: '/root/autodl-tmp/fisher_data/split_aduio/fe_03_01327/fe_03_01327_000.wav'
[Errno 2] No such file or directory: '/root/autodl-tmp/fisher_data/split_aduio/fe_03_01329/fe_03_01329_000.wav'
[Errno 2] No such file or directory: '/root/autodl-tmp/fisher_data/split_aduio/fe_03_01333/fe_03_01333_000.wav'
[Errno 2] No such file or directory: '/root/autodl-tmp/fisher_data/split_aduio/fe_03_01639/fe_03_01639_000.wav'
[Errno 2] No such file or directory: '/root/autodl-tmp/fisher_data/split_aduio/fe_03_02477/fe_03_02477_000.wav'
[Errno 2] No such file or directory: '/root/autodl-tmp/fisher_data/split_aduio/fe_03_03138/fe_03_03138_000.wav'
[Errno 2] No such file or directory: '/root/autodl-tmp/fisher_data/split_aduio/fe_03_03233/fe_03_03233_000.wav'
[Errno 2] No such file or directory: '/root/autodl-tmp/fisher_data/split_aduio/fe_03_03401/fe_03_03401_000.wav'
[Errno 2] No such file or directory: '/root/autodl-tmp/fisher_data/split_aduio/fe_03_03794/fe_03_03794_000.wav'
[Errno 2] No such file or directory: '/root/autodl-tmp/fisher_data/split_aduio/fe_03_03968/fe_03_03968_000.wav'
[Errno 2] No such file or directory: '/root/autodl-tmp/fisher_data/split_aduio/fe_03_03969/fe_03_03969_000.wav'
[Errno 2] No such file or directory: '/root/autodl-tmp/fisher_data/split_aduio/fe_03_04185/fe_03_04185_000.wav'
[Errno 2] No such file or directory: '/root/autodl-tmp/fisher_data/split_aduio/fe_03_04334/fe_03_04334_000.wav'
[Errno 2] No such file or directory: '/root/autodl-tmp/fisher_data/split_aduio/fe_03_04375/fe_03_04375_000.wav'
[Errno 2] No such file or directory: '/root/autodl-tmp/fisher_data/split_aduio/fe_03_04391/fe_03_04391_000.wav'
[Errno 2] No such file or directory: '/root/autodl-tmp/fisher_data/split_aduio/fe_03_04395/fe_03_04395_000.wav'
[Errno 2] No such file or directory: '/root/autodl-tmp/fisher_data/split_aduio/fe_03_04398/fe_03_04398_000.wav'
[Errno 2] No such file or directory: '/root/autodl-tmp/fisher_data/split_aduio/fe_03_04399/fe_03_04399_000.wav'
[Errno 2] No such file or directory: '/root/autodl-tmp/fisher_data/split_aduio/fe_03_05900/fe_03_05900_000.wav'
[Errno 2] No such file or directory: '/root/autodl-tmp/fisher_data/split_aduio/fe_03_05901/fe_03_05901_000.wav'
[Errno 2] No such file or directory: '/root/autodl-tmp/fisher_data/split_aduio/fe_03_05902/fe_03_05902_000.wav'
[Errno 2] No such file or directory: '/root/autodl-tmp/fisher_data/split_aduio/fe_03_05911/fe_03_05911_000.wav'
[Errno 2] No such file or directory: '/root/autodl-tmp/fisher_data/split_aduio/fe_03_05912/fe_03_05912_000.wav'
[Errno 2] No such file or directory: '/root/autodl-tmp/fisher_data/split_aduio/fe_03_05917/fe_03_05917_000.wav'
[Errno 2] No such file or directory: '/root/autodl-tmp/fisher_data/split_aduio/fe_03_05918/fe_03_05918_000.wav'
[Errno 2] No such file or directory: '/root/autodl-tmp/fisher_data/split_aduio/fe_03_05919/fe_03_05919_000.wav'
[Errno 2] No such file or directory: '/root/autodl-tmp/fisher_data/split_aduio/fe_03_05921/fe_03_05921_000.wav'
[Errno 2] No such file or directory: '/root/autodl-tmp/fisher_data/split_aduio/fe_03_05924/fe_03_05924_000.wav'
[Errno 2] No such file or directory: '/root/autodl-tmp/fisher_data/split_aduio/fe_03_05926/fe_03_05926_000.wav'
[Errno 2] No such file or directory: '/root/autodl-tmp/fisher_data/split_aduio/fe_03_05927/fe_03_05927_000.wav'
[Errno 2] No such file or directory: '/root/autodl-tmp/fisher_data/split_aduio/fe_03_05929/fe_03_05929_000.wav'
[Errno 2] No such file or directory: '/root/autodl-tmp/fisher_data/split_aduio/fe_03_05931/fe_03_05931_000.wav'
[Errno 2] No such file or directory: '/root/autodl-tmp/fisher_data/split_aduio/fe_03_05933/fe_03_05933_000.wav'
[Errno 2] No such file or directory: '/root/autodl-tmp/fisher_data/split_aduio/fe_03_05934/fe_03_05934_000.wav'
[Errno 2] No such file or directory: '/root/autodl-tmp/fisher_data/split_aduio/fe_03_05935/fe_03_05935_000.wav'
[Errno 2] No such file or directory: '/root/autodl-tmp/fisher_data/split_aduio/fe_03_05937/fe_03_05937_000.wav'
[Errno 2] No such file or directory: '/root/autodl-tmp/fisher_data/split_aduio/fe_03_05939/fe_03_05939_000.wav'
[Errno 2] No such file or directory: '/root/autodl-tmp/fisher_data/split_aduio/fe_03_05941/fe_03_05941_000.wav'
[Errno 2] No such file or directory: '/root/autodl-tmp/fisher_data/split_aduio/fe_03_05942/fe_03_05942_000.wav'
[Errno 2] No such file or directory: '/root/autodl-tmp/fisher_data/split_aduio/fe_03_05943/fe_03_05943_000.wav'
[Errno 2] No such file or directory: '/root/autodl-tmp/fisher_data/split_aduio/fe_03_05944/fe_03_05944_000.wav'
[Errno 2] No such file or directory: '/root/autodl-tmp/fisher_data/split_aduio/fe_03_05945/fe_03_05945_000.wav'
[Errno 2] No such file or directory: '/root/autodl-tmp/fisher_data/split_aduio/fe_03_05946/fe_03_05946_000.wav'
[Errno 2] No such file or directory: '/root/autodl-tmp/fisher_data/split_aduio/fe_03_05952/fe_03_05952_000.wav'
[Errno 2] No such file or directory: '/root/autodl-tmp/fisher_data/split_aduio/fe_03_05953/fe_03_05953_000.wav'
[Errno 2] No such file or directory: '/root/autodl-tmp/fisher_data/split_aduio/fe_03_05954/fe_03_05954_000.wav'
[Errno 2] No such file or directory: '/root/autodl-tmp/fisher_data/split_aduio/fe_03_11650/fe_03_11650_000.wav'
[Errno 2] No such file or directory: '/root/autodl-tmp/fisher_data/split_aduio/fe_03_11652/fe_03_11652_000.wav'
[Errno 2] No such file or directory: '/root/autodl-tmp/fisher_data/split_aduio/fe_03_11656/fe_03_11656_000.wav'
[Errno 2] No such file or directory: '/root/autodl-tmp/fisher_data/split_aduio/fe_03_11659/fe_03_11659_000.wav'
[Errno 2] No such file or directory: '/root/autodl-tmp/fisher_data/split_aduio/fe_03_11660/fe_03_11660_000.wav'
[Errno 2] No such file or directory: '/root/autodl-tmp/fisher_data/split_aduio/fe_03_11661/fe_03_11661_000.wav'
[Errno 2] No such file or directory: '/root/autodl-tmp/fisher_data/split_aduio/fe_03_11664/fe_03_11664_000.wav'
[Errno 2] No such file or directory: '/root/autodl-tmp/fisher_data/split_aduio/fe_03_11667/fe_03_11667_000.wav'
[Errno 2] No such file or directory: '/root/autodl-tmp/fisher_data/split_aduio/fe_03_11670/fe_03_11670_000.wav'
[Errno 2] No such file or directory: '/root/autodl-tmp/fisher_data/split_aduio/fe_03_11672/fe_03_11672_000.wav'
[Errno 2] No such file or directory: '/root/autodl-tmp/fisher_data/split_aduio/fe_03_11673/fe_03_11673_000.wav'
[Errno 2] No such file or directory: '/root/autodl-tmp/fisher_data/split_aduio/fe_03_11674/fe_03_11674_000.wav'
[Errno 2] No such file or directory: '/root/autodl-tmp/fisher_data/split_aduio/fe_03_11676/fe_03_11676_000.wav'
[Errno 2] No such file or directory: '/root/autodl-tmp/fisher_data/split_aduio/fe_03_11684/fe_03_11684_000.wav'
[Errno 2] No such file or directory: '/root/autodl-tmp/fisher_data/split_aduio/fe_03_11686/fe_03_11686_000.wav'
[Errno 2] No such file or directory: '/root/autodl-tmp/fisher_data/split_aduio/fe_03_11687/fe_03_11687_000.wav'
[Errno 2] No such file or directory: '/root/autodl-tmp/fisher_data/split_aduio/fe_03_11691/fe_03_11691_000.wav'
[Errno 2] No such file or directory: '/root/autodl-tmp/fisher_data/split_aduio/fe_03_11693/fe_03_11693_000.wav'
[Errno 2] No such file or directory: '/root/autodl-tmp/fisher_data/split_aduio/fe_03_11695/fe_03_11695_000.wav'
[Errno 2] No such file or directory: '/root/autodl-tmp/fisher_data/split_aduio/fe_03_11696/fe_03_11696_000.wav'
[Errno 2] No such file or directory: '/root/autodl-tmp/fisher_data/split_aduio/fe_03_11697/fe_03_11697_000.wav'
[Errno 2] No such file or directory: '/root/autodl-tmp/fisher_data/split_aduio/fe_03_05465/fe_03_05465_000.wav'
[Errno 2] No such file or directory: '/root/autodl-tmp/fisher_data/split_aduio/fe_03_05465/fe_03_05465_015.wav'
[Errno 2] No such file or directory: '/root/autodl-tmp/fisher_data/split_aduio/fe_03_05851/fe_03_05851_000.wav'
[Errno 2] No such file or directory: '/root/autodl-tmp/fisher_data/split_aduio/fe_03_05852/fe_03_05852_000.wav'
[Errno 2] No such file or directory: '/root/autodl-tmp/fisher_data/split_aduio/fe_03_05853/fe_03_05853_000.wav'
[Errno 2] No such file or directory: '/root/autodl-tmp/fisher_data/split_aduio/fe_03_05854/fe_03_05854_000.wav'
[Errno 2] No such file or directory: '/root/autodl-tmp/fisher_data/split_aduio/fe_03_05855/fe_03_05855_000.wav'
[Errno 2] No such file or directory: '/root/autodl-tmp/fisher_data/split_aduio/fe_03_05856/fe_03_05856_000.wav'
[Errno 2] No such file or directory: '/root/autodl-tmp/fisher_data/split_aduio/fe_03_05857/fe_03_05857_000.wav'
[Errno 2] No such file or directory: '/root/autodl-tmp/fisher_data/split_aduio/fe_03_05858/fe_03_05858_000.wav'
[Errno 2] No such file or directory: '/root/autodl-tmp/fisher_data/split_aduio/fe_03_05859/fe_03_05859_000.wav'
[Errno 2] No such file or directory: '/root/autodl-tmp/fisher_data/split_aduio/fe_03_05860/fe_03_05860_000.wav'
[Errno 2] No such file or directory: '/root/autodl-tmp/fisher_data/split_aduio/fe_03_05861/fe_03_05861_000.wav'
[Errno 2] No such file or directory: '/root/autodl-tmp/fisher_data/split_aduio/fe_03_05862/fe_03_05862_000.wav'
[Errno 2] No such file or directory: '/root/autodl-tmp/fisher_data/split_aduio/fe_03_05864/fe_03_05864_000.wav'
[Errno 2] No such file or directory: '/root/autodl-tmp/fisher_data/split_aduio/fe_03_05865/fe_03_05865_000.wav'
[Errno 2] No such file or directory: '/root/autodl-tmp/fisher_data/split_aduio/fe_03_05866/fe_03_05866_000.wav'
[Errno 2] No such file or directory: '/root/autodl-tmp/fisher_data/split_aduio/fe_03_05867/fe_03_05867_000.wav'
[Errno 2] No such file or directory: '/root/autodl-tmp/fisher_data/split_aduio/fe_03_05868/fe_03_05868_000.wav'
[Errno 2] No such file or directory: '/root/autodl-tmp/fisher_data/split_aduio/fe_03_05869/fe_03_05869_000.wav'
[Errno 2] No such file or directory: '/root/autodl-tmp/fisher_data/split_aduio/fe_03_05870/fe_03_05870_000.wav'
[Errno 2] No such file or directory: '/root/autodl-tmp/fisher_data/split_aduio/fe_03_05872/fe_03_05872_000.wav'
[Errno 2] No such file or directory: '/root/autodl-tmp/fisher_data/split_aduio/fe_03_05875/fe_03_05875_000.wav'
[Errno 2] No such file or directory: '/root/autodl-tmp/fisher_data/split_aduio/fe_03_05879/fe_03_05879_000.wav'
[Errno 2] No such file or directory: '/root/autodl-tmp/fisher_data/split_aduio/fe_03_05881/fe_03_05881_000.wav'
[Errno 2] No such file or directory: '/root/autodl-tmp/fisher_data/split_aduio/fe_03_05885/fe_03_05885_000.wav'
[Errno 2] No such file or directory: '/root/autodl-tmp/fisher_data/split_aduio/fe_03_05892/fe_03_05892_000.wav'
[Errno 2] No such file or directory: '/root/autodl-tmp/fisher_data/split_aduio/fe_03_05893/fe_03_05893_000.wav'
[Errno 2] No such file or directory: '/root/autodl-tmp/fisher_data/split_aduio/fe_03_05894/fe_03_05894_000.wav'
[Errno 2] No such file or directory: '/root/autodl-tmp/fisher_data/split_aduio/fe_03_05899/fe_03_05899_000.wav'
[Errno 2] No such file or directory: '/root/autodl-tmp/fisher_data/split_aduio/fe_03_06002/fe_03_06002_000.wav'
[Errno 2] No such file or directory: '/root/autodl-tmp/fisher_data/split_aduio/fe_03_06003/fe_03_06003_000.wav'
[Errno 2] No such file or directory: '/root/autodl-tmp/fisher_data/split_aduio/fe_03_06007/fe_03_06007_000.wav'
[Errno 2] No such file or directory: '/root/autodl-tmp/fisher_data/split_aduio/fe_03_06008/fe_03_06008_000.wav'
[Errno 2] No such file or directory: '/root/autodl-tmp/fisher_data/split_aduio/fe_03_06011/fe_03_06011_000.wav'
[Errno 2] No such file or directory: '/root/autodl-tmp/fisher_data/split_aduio/fe_03_06012/fe_03_06012_000.wav'
[Errno 2] No such file or directory: '/root/autodl-tmp/fisher_data/split_aduio/fe_03_06016/fe_03_06016_000.wav'
[Errno 2] No such file or directory: '/root/autodl-tmp/fisher_data/split_aduio/fe_03_06017/fe_03_06017_000.wav'
[Errno 2] No such file or directory: '/root/autodl-tmp/fisher_data/split_aduio/fe_03_06019/fe_03_06019_000.wav'
[Errno 2] No such file or directory: '/root/autodl-tmp/fisher_data/split_aduio/fe_03_06020/fe_03_06020_000.wav'
[Errno 2] No such file or directory: '/root/autodl-tmp/fisher_data/split_aduio/fe_03_06021/fe_03_06021_000.wav'
[Errno 2] No such file or directory: '/root/autodl-tmp/fisher_data/split_aduio/fe_03_06022/fe_03_06022_000.wav'
[Errno 2] No such file or directory: '/root/autodl-tmp/fisher_data/split_aduio/fe_03_06023/fe_03_06023_000.wav'
[Errno 2] No such file or directory: '/root/autodl-tmp/fisher_data/split_aduio/fe_03_06024/fe_03_06024_000.wav'
[Errno 2] No such file or directory: '/root/autodl-tmp/fisher_data/split_aduio/fe_03_06026/fe_03_06026_000.wav'
[Errno 2] No such file or directory: '/root/autodl-tmp/fisher_data/split_aduio/fe_03_06029/fe_03_06029_000.wav'
[Errno 2] No such file or directory: '/root/autodl-tmp/fisher_data/split_aduio/fe_03_06030/fe_03_06030_000.wav'
[Errno 2] No such file or directory: '/root/autodl-tmp/fisher_data/split_aduio/fe_03_06031/fe_03_06031_000.wav'
[Errno 2] No such file or directory: '/root/autodl-tmp/fisher_data/split_aduio/fe_03_06032/fe_03_06032_000.wav'
[Errno 2] No such file or directory: '/root/autodl-tmp/fisher_data/split_aduio/fe_03_06033/fe_03_06033_000.wav'
[Errno 2] No such file or directory: '/root/autodl-tmp/fisher_data/split_aduio/fe_03_06034/fe_03_06034_000.wav'
[Errno 2] No such file or directory: '/root/autodl-tmp/fisher_data/split_aduio/fe_03_06036/fe_03_06036_000.wav'
2024-11-16 14:38:27,004 INFO read 8.876771926879883 save 0.0 write 36.43384385108948
2024-11-16 14:38:29,278 INFO read 10.63288950920105 save 0.0 write 37.617958068847656
[Errno 2] No such file or directory: '/root/autodl-tmp/fisher_data/split_aduio/fe_03_08099/fe_03_08099_000.wav'
[Errno 2] No such file or directory: '/root/autodl-tmp/fisher_data/split_aduio/fe_03_09005/fe_03_09005_000.wav'
[Errno 2] No such file or directory: '/root/autodl-tmp/fisher_data/split_aduio/fe_03_09006/fe_03_09006_000.wav'
[Errno 2] No such file or directory: '/root/autodl-tmp/fisher_data/split_aduio/fe_03_09007/fe_03_09007_000.wav'
[Errno 2] No such file or directory: '/root/autodl-tmp/fisher_data/split_aduio/fe_03_09018/fe_03_09018_000.wav'
[Errno 2] No such file or directory: '/root/autodl-tmp/fisher_data/split_aduio/fe_03_09020/fe_03_09020_000.wav'
[Errno 2] No such file or directory: '/root/autodl-tmp/fisher_data/split_aduio/fe_03_09021/fe_03_09021_000.wav'
[Errno 2] No such file or directory: '/root/autodl-tmp/fisher_data/split_aduio/fe_03_09035/fe_03_09035_000.wav'
[Errno 2] No such file or directory: '/root/autodl-tmp/fisher_data/split_aduio/fe_03_09055/fe_03_09055_000.wav'
[Errno 2] No such file or directory: '/root/autodl-tmp/fisher_data/split_aduio/fe_03_09056/fe_03_09056_000.wav'
[Errno 2] No such file or directory: '/root/autodl-tmp/fisher_data/split_aduio/fe_03_09057/fe_03_09057_000.wav'
[Errno 2] No such file or directory: '/root/autodl-tmp/fisher_data/split_aduio/fe_03_09059/fe_03_09059_000.wav'
[Errno 2] No such file or directory: '/root/autodl-tmp/fisher_data/split_aduio/fe_03_09064/fe_03_09064_000.wav'
[Errno 2] No such file or directory: '/root/autodl-tmp/fisher_data/split_aduio/fe_03_09065/fe_03_09065_000.wav'
[Errno 2] No such file or directory: '/root/autodl-tmp/fisher_data/split_aduio/fe_03_09068/fe_03_09068_000.wav'
[Errno 2] No such file or directory: '/root/autodl-tmp/fisher_data/split_aduio/fe_03_09081/fe_03_09081_000.wav'
[Errno 2] No such file or directory: '/root/autodl-tmp/fisher_data/split_aduio/fe_03_09083/fe_03_09083_000.wav'
[Errno 2] No such file or directory: '/root/autodl-tmp/fisher_data/split_aduio/fe_03_09088/fe_03_09088_000.wav'
[Errno 2] No such file or directory: '/root/autodl-tmp/fisher_data/split_aduio/fe_03_09089/fe_03_09089_000.wav'
[Errno 2] No such file or directory: '/root/autodl-tmp/fisher_data/split_aduio/fe_03_09097/fe_03_09097_000.wav'
[Errno 2] No such file or directory: '/root/autodl-tmp/fisher_data/split_aduio/fe_03_00804/fe_03_00804_000.wav'
[Errno 2] No such file or directory: '/root/autodl-tmp/fisher_data/split_aduio/fe_03_00810/fe_03_00810_000.wav'
[Errno 2] No such file or directory: '/root/autodl-tmp/fisher_data/split_aduio/fe_03_00814/fe_03_00814_000.wav'
[Errno 2] No such file or directory: '/root/autodl-tmp/fisher_data/split_aduio/fe_03_00817/fe_03_00817_000.wav'
[Errno 2] No such file or directory: '/root/autodl-tmp/fisher_data/split_aduio/fe_03_00819/fe_03_00819_000.wav'
[Errno 2] No such file or directory: '/root/autodl-tmp/fisher_data/split_aduio/fe_03_00824/fe_03_00824_000.wav'
[Errno 2] No such file or directory: '/root/autodl-tmp/fisher_data/split_aduio/fe_03_00825/fe_03_00825_000.wav'
[Errno 2] No such file or directory: '/root/autodl-tmp/fisher_data/split_aduio/fe_03_00830/fe_03_00830_000.wav'
[Errno 2] No such file or directory: '/root/autodl-tmp/fisher_data/split_aduio/fe_03_00831/fe_03_00831_000.wav'
[Errno 2] No such file or directory: '/root/autodl-tmp/fisher_data/split_aduio/fe_03_00838/fe_03_00838_000.wav'
[Errno 2] No such file or directory: '/root/autodl-tmp/fisher_data/split_aduio/fe_03_00841/fe_03_00841_000.wav'
[Errno 2] No such file or directory: '/root/autodl-tmp/fisher_data/split_aduio/fe_03_00847/fe_03_00847_000.wav'
[Errno 2] No such file or directory: '/root/autodl-tmp/fisher_data/split_aduio/fe_03_00851/fe_03_00851_000.wav'
[Errno 2] No such file or directory: '/root/autodl-tmp/fisher_data/split_aduio/fe_03_00855/fe_03_00855_000.wav'
[Errno 2] No such file or directory: '/root/autodl-tmp/fisher_data/split_aduio/fe_03_00856/fe_03_00856_000.wav'
[Errno 2] No such file or directory: '/root/autodl-tmp/fisher_data/split_aduio/fe_03_00859/fe_03_00859_000.wav'
[Errno 2] No such file or directory: '/root/autodl-tmp/fisher_data/split_aduio/fe_03_00860/fe_03_00860_000.wav'
[Errno 2] No such file or directory: '/root/autodl-tmp/fisher_data/split_aduio/fe_03_00863/fe_03_00863_000.wav'
[Errno 2] No such file or directory: '/root/autodl-tmp/fisher_data/split_aduio/fe_03_00864/fe_03_00864_000.wav'
[Errno 2] No such file or directory: '/root/autodl-tmp/fisher_data/split_aduio/fe_03_00868/fe_03_00868_000.wav'
[Errno 2] No such file or directory: '/root/autodl-tmp/fisher_data/split_aduio/fe_03_00870/fe_03_00870_000.wav'
[Errno 2] No such file or directory: '/root/autodl-tmp/fisher_data/split_aduio/fe_03_00871/fe_03_00871_000.wav'
[Errno 2] No such file or directory: '/root/autodl-tmp/fisher_data/split_aduio/fe_03_00877/fe_03_00877_000.wav'
[Errno 2] No such file or directory: '/root/autodl-tmp/fisher_data/split_aduio/fe_03_00895/fe_03_00895_000.wav'
[Errno 2] No such file or directory: '/root/autodl-tmp/fisher_data/split_aduio/fe_03_01002/fe_03_01002_000.wav'
[Errno 2] No such file or directory: '/root/autodl-tmp/fisher_data/split_aduio/fe_03_01016/fe_03_01016_000.wav'
[Errno 2] No such file or directory: '/root/autodl-tmp/fisher_data/split_aduio/fe_03_01029/fe_03_01029_000.wav'
[Errno 2] No such file or directory: '/root/autodl-tmp/fisher_data/split_aduio/fe_03_01031/fe_03_01031_000.wav'
[Errno 2] No such file or directory: '/root/autodl-tmp/fisher_data/split_aduio/fe_03_01037/fe_03_01037_000.wav'
[Errno 2] No such file or directory: '/root/autodl-tmp/fisher_data/split_aduio/fe_03_01040/fe_03_01040_000.wav'
[Errno 2] No such file or directory: '/root/autodl-tmp/fisher_data/split_aduio/fe_03_01045/fe_03_01045_000.wav'
[Errno 2] No such file or directory: '/root/autodl-tmp/fisher_data/split_aduio/fe_03_01051/fe_03_01051_000.wav'
[Errno 2] No such file or directory: '/root/autodl-tmp/fisher_data/split_aduio/fe_03_01053/fe_03_01053_000.wav'
[Errno 2] No such file or directory: '/root/autodl-tmp/fisher_data/split_aduio/fe_03_01059/fe_03_01059_000.wav'
[Errno 2] No such file or directory: '/root/autodl-tmp/fisher_data/split_aduio/fe_03_01064/fe_03_01064_000.wav'
[Errno 2] No such file or directory: '/root/autodl-tmp/fisher_data/split_aduio/fe_03_01068/fe_03_01068_000.wav'
[Errno 2] No such file or directory: '/root/autodl-tmp/fisher_data/split_aduio/fe_03_01090/fe_03_01090_000.wav'
[Errno 2] No such file or directory: '/root/autodl-tmp/fisher_data/split_aduio/fe_03_01091/fe_03_01091_000.wav'
[Errno 2] No such file or directory: '/root/autodl-tmp/fisher_data/split_aduio/fe_03_01095/fe_03_01095_000.wav'
[Errno 2] No such file or directory: '/root/autodl-tmp/fisher_data/split_aduio/fe_03_06038/fe_03_06038_000.wav'
[Errno 2] No such file or directory: '/root/autodl-tmp/fisher_data/split_aduio/fe_03_06039/fe_03_06039_000.wav'
[Errno 2] No such file or directory: '/root/autodl-tmp/fisher_data/split_aduio/fe_03_05955/fe_03_05955_000.wav'
[Errno 2] No such file or directory: '/root/autodl-tmp/fisher_data/split_aduio/fe_03_05956/fe_03_05956_000.wav'
[Errno 2] No such file or directory: '/root/autodl-tmp/fisher_data/split_aduio/fe_03_05957/fe_03_05957_000.wav'
[Errno 2] No such file or directory: '/root/autodl-tmp/fisher_data/split_aduio/fe_03_05958/fe_03_05958_000.wav'
[Errno 2] No such file or directory: '/root/autodl-tmp/fisher_data/split_aduio/fe_03_05959/fe_03_05959_000.wav'
[Errno 2] No such file or directory: '/root/autodl-tmp/fisher_data/split_aduio/fe_03_05960/fe_03_05960_000.wav'
[Errno 2] No such file or directory: '/root/autodl-tmp/fisher_data/split_aduio/fe_03_05961/fe_03_05961_000.wav'
[Errno 2] No such file or directory: '/root/autodl-tmp/fisher_data/split_aduio/fe_03_05962/fe_03_05962_000.wav'
[Errno 2] No such file or directory: '/root/autodl-tmp/fisher_data/split_aduio/fe_03_05964/fe_03_05964_000.wav'
[Errno 2] No such file or directory: '/root/autodl-tmp/fisher_data/split_aduio/fe_03_05972/fe_03_05972_000.wav'
[Errno 2] No such file or directory: '/root/autodl-tmp/fisher_data/split_aduio/fe_03_05974/fe_03_05974_000.wav'
[Errno 2] No such file or directory: '/root/autodl-tmp/fisher_data/split_aduio/fe_03_05975/fe_03_05975_000.wav'
[Errno 2] No such file or directory: '/root/autodl-tmp/fisher_data/split_aduio/fe_03_05976/fe_03_05976_000.wav'
[Errno 2] No such file or directory: '/root/autodl-tmp/fisher_data/split_aduio/fe_03_05977/fe_03_05977_000.wav'
[Errno 2] No such file or directory: '/root/autodl-tmp/fisher_data/split_aduio/fe_03_05979/fe_03_05979_000.wav'
[Errno 2] No such file or directory: '/root/autodl-tmp/fisher_data/split_aduio/fe_03_05980/fe_03_05980_000.wav'
[Errno 2] No such file or directory: '/root/autodl-tmp/fisher_data/split_aduio/fe_03_05981/fe_03_05981_000.wav'
[Errno 2] No such file or directory: '/root/autodl-tmp/fisher_data/split_aduio/fe_03_05982/fe_03_05982_000.wav'
[Errno 2] No such file or directory: '/root/autodl-tmp/fisher_data/split_aduio/fe_03_05983/fe_03_05983_000.wav'
[Errno 2] No such file or directory: '/root/autodl-tmp/fisher_data/split_aduio/fe_03_05985/fe_03_05985_000.wav'
[Errno 2] No such file or directory: '/root/autodl-tmp/fisher_data/split_aduio/fe_03_05986/fe_03_05986_000.wav'
[Errno 2] No such file or directory: '/root/autodl-tmp/fisher_data/split_aduio/fe_03_05987/fe_03_05987_000.wav'
[Errno 2] No such file or directory: '/root/autodl-tmp/fisher_data/split_aduio/fe_03_05989/fe_03_05989_000.wav'
[Errno 2] No such file or directory: '/root/autodl-tmp/fisher_data/split_aduio/fe_03_05991/fe_03_05991_000.wav'
[Errno 2] No such file or directory: '/root/autodl-tmp/fisher_data/split_aduio/fe_03_05992/fe_03_05992_000.wav'
[Errno 2] No such file or directory: '/root/autodl-tmp/fisher_data/split_aduio/fe_03_05993/fe_03_05993_000.wav'
[Errno 2] No such file or directory: '/root/autodl-tmp/fisher_data/split_aduio/fe_03_05995/fe_03_05995_000.wav'
[Errno 2] No such file or directory: '/root/autodl-tmp/fisher_data/split_aduio/fe_03_05997/fe_03_05997_000.wav'
[Errno 2] No such file or directory: '/root/autodl-tmp/fisher_data/split_aduio/fe_03_05999/fe_03_05999_000.wav'
chunk 0, length 100000
chunk 1, length 100000
chunk 2, length 46178
+ '[' true = true ']'
+ shuf /root/xishaojian/MooER/src/tools/process_tmp/data.list -o /root/xishaojian/MooER/src/tools/process_tmp/data.list.shuffle
++ cat /root/xishaojian/MooER/src/tools/process_tmp/data.list.shuffle
++ wc -l
+ lines_num=3
++ echo 3
++ bc -l
data_package.sh: line 62: bc: command not found
+ lines_each=
+ echo 'All samples: 3 ; Write for 1 file ; Each has samples: '
All samples: 3 ; Write for 1 file ; Each has samples: 
+ mkdir /root/xishaojian/MooER/src/tools/process_tmp/split
+ split -l -d /root/xishaojian/MooER/src/tools/process_tmp/data.list.shuffle /root/xishaojian/MooER/src/tools/process_tmp/split/data.list
split: invalid number of lines: '-d'
+ i=0
++ ls /root/xishaojian/MooER/src/tools/process_tmp/split
++ grep data.list
+ rm -r /root/xishaojian/MooER/src/tools/process_tmp
